0 verbose cli /usr/local/bin/node /usr/local/bin/npm
1 info using npm@9.6.7
2 info using node@v18.17.1
3 timing npm:load:whichnode Completed in 10ms
4 timing config:load:defaults Completed in 11ms
5 timing config:load:file:/usr/local/lib/node_modules/npm/npmrc Completed in 2ms
6 timing config:load:builtin Completed in 4ms
7 timing config:load:cli Completed in 13ms
8 timing config:load:env Completed in 3ms
9 timing config:load:file:/oauth/.npmrc Completed in 1ms
10 timing config:load:project Completed in 5ms
11 timing config:load:file:/root/.npmrc Completed in 1ms
12 timing config:load:user Completed in 3ms
13 timing config:load:file:/usr/local/etc/npmrc Completed in 1ms
14 timing config:load:global Completed in 2ms
15 timing config:load:setEnvs Completed in 6ms
16 timing config:load Completed in 48ms
17 timing npm:load:configload Completed in 49ms
18 timing npm:load:mkdirpcache Completed in 2ms
19 timing npm:load:mkdirplogs Completed in 1ms
20 verbose title npm run start:debug
21 verbose argv "run" "start:debug"
22 timing npm:load:setTitle Completed in 7ms
23 timing config:load:flatten Completed in 27ms
24 timing npm:load:display Completed in 35ms
25 verbose logfile logs-max:10 dir:/oauth/_logs/2024-09-18T23_44_04_151Z-
26 verbose logfile /oauth/_logs/2024-09-18T23_44_04_151Z-debug-0.log
27 timing npm:load:logFile Completed in 67ms
28 timing npm:load:timers Completed in 1ms
29 timing npm:load:configScope Completed in 0ms
30 timing npm:load Completed in 175ms
31 silly logfile done cleaning log files
